{"/home/runner/work/singleton-manager/singleton-manager/src/index.ts": {"path":"/home/runner/work/singleton-manager/singleton-manager/src/index.ts","all":true,"statementMap":{"0":{"start":{"line":1,"column":0},"end":{"line":1,"column":117}},"1":{"start":{"line":2,"column":0},"end":{"line":2,"column":52}},"2":{"start":{"line":3,"column":0},"end":{"line":3,"column":12}}},"s":{"0":0,"1":0,"2":0},"branchMap":{"0":{"type":"branch","line":1,"loc":{"start":{"line":1,"column":0},"end":{"line":3,"column":12}},"locations":[{"start":{"line":1,"column":0},"end":{"line":3,"column":12}}]}},"b":{"0":[0]},"fnMap":{"0":{"name":"(empty-report)","decl":{"start":{"line":1,"column":0},"end":{"line":3,"column":12}},"loc":{"start":{"line":1,"column":0},"end":{"line":3,"column":12}},"line":1}},"f":{"0":0}}
,"/home/runner/work/singleton-manager/singleton-manager/src/SingletonManager/SingletonManager.ts": {"path":"/home/runner/work/singleton-manager/singleton-manager/src/SingletonManager/SingletonManager.ts","all":false,"statementMap":{"0":{"start":{"line":1,"column":0},"end":{"line":1,"column":72}},"1":{"start":{"line":2,"column":0},"end":{"line":2,"column":44}},"2":{"start":{"line":3,"column":0},"end":{"line":3,"column":0}},"3":{"start":{"line":4,"column":0},"end":{"line":4,"column":45}},"4":{"start":{"line":5,"column":0},"end":{"line":5,"column":22}},"5":{"start":{"line":6,"column":0},"end":{"line":6,"column":26}},"6":{"start":{"line":7,"column":0},"end":{"line":7,"column":2}},"7":{"start":{"line":8,"column":0},"end":{"line":8,"column":0}},"8":{"start":{"line":9,"column":0},"end":{"line":9,"column":60}},"9":{"start":{"line":10,"column":0},"end":{"line":10,"column":37}},"10":{"start":{"line":11,"column":0},"end":{"line":11,"column":57}},"11":{"start":{"line":12,"column":0},"end":{"line":12,"column":36}},"12":{"start":{"line":13,"column":0},"end":{"line":13,"column":25}},"13":{"start":{"line":14,"column":0},"end":{"line":14,"column":3}},"14":{"start":{"line":15,"column":0},"end":{"line":15,"column":0}},"15":{"start":{"line":16,"column":0},"end":{"line":16,"column":65}},"16":{"start":{"line":17,"column":0},"end":{"line":17,"column":42}},"17":{"start":{"line":18,"column":0},"end":{"line":18,"column":50}},"18":{"start":{"line":19,"column":0},"end":{"line":19,"column":32}},"19":{"start":{"line":20,"column":0},"end":{"line":20,"column":25}},"20":{"start":{"line":21,"column":0},"end":{"line":21,"column":3}},"21":{"start":{"line":22,"column":0},"end":{"line":22,"column":0}},"22":{"start":{"line":23,"column":0},"end":{"line":23,"column":61}},"23":{"start":{"line":24,"column":0},"end":{"line":24,"column":38}},"24":{"start":{"line":25,"column":0},"end":{"line":25,"column":8}},"25":{"start":{"line":26,"column":0},"end":{"line":26,"column":77}},"26":{"start":{"line":27,"column":0},"end":{"line":27,"column":40}},"27":{"start":{"line":28,"column":0},"end":{"line":28,"column":25}},"28":{"start":{"line":29,"column":0},"end":{"line":29,"column":3}},"29":{"start":{"line":30,"column":0},"end":{"line":30,"column":0}},"30":{"start":{"line":31,"column":0},"end":{"line":31,"column":21}},"31":{"start":{"line":32,"column":0},"end":{"line":32,"column":59}},"32":{"start":{"line":33,"column":0},"end":{"line":33,"column":0}},"33":{"start":{"line":34,"column":0},"end":{"line":34,"column":33}},"34":{"start":{"line":35,"column":0},"end":{"line":35,"column":70}},"35":{"start":{"line":36,"column":0},"end":{"line":36,"column":62}},"36":{"start":{"line":37,"column":0},"end":{"line":37,"column":5}},"37":{"start":{"line":38,"column":0},"end":{"line":38,"column":0}},"38":{"start":{"line":39,"column":0},"end":{"line":39,"column":60}},"39":{"start":{"line":40,"column":0},"end":{"line":40,"column":0}},"40":{"start":{"line":41,"column":0},"end":{"line":41,"column":36}},"41":{"start":{"line":42,"column":0},"end":{"line":42,"column":0}},"42":{"start":{"line":43,"column":0},"end":{"line":43,"column":28}},"43":{"start":{"line":44,"column":0},"end":{"line":44,"column":3}},"44":{"start":{"line":45,"column":0},"end":{"line":45,"column":1}},"45":{"start":{"line":46,"column":0},"end":{"line":46,"column":0}},"46":{"start":{"line":47,"column":0},"end":{"line":47,"column":24}},"47":{"start":{"line":48,"column":0},"end":{"line":48,"column":51}},"48":{"start":{"line":49,"column":0},"end":{"line":49,"column":0}},"49":{"start":{"line":50,"column":0},"end":{"line":50,"column":44}},"50":{"start":{"line":51,"column":0},"end":{"line":51,"column":38}},"51":{"start":{"line":52,"column":0},"end":{"line":52,"column":3}},"52":{"start":{"line":53,"column":0},"end":{"line":53,"column":0}},"53":{"start":{"line":54,"column":0},"end":{"line":54,"column":27}},"54":{"start":{"line":55,"column":0},"end":{"line":55,"column":26}},"55":{"start":{"line":56,"column":0},"end":{"line":56,"column":44}},"56":{"start":{"line":57,"column":0},"end":{"line":57,"column":59}},"57":{"start":{"line":58,"column":0},"end":{"line":58,"column":26}},"58":{"start":{"line":59,"column":0},"end":{"line":59,"column":9}},"59":{"start":{"line":60,"column":0},"end":{"line":60,"column":5}},"60":{"start":{"line":61,"column":0},"end":{"line":61,"column":38}},"61":{"start":{"line":62,"column":0},"end":{"line":62,"column":3}},"62":{"start":{"line":63,"column":0},"end":{"line":63,"column":0}},"63":{"start":{"line":64,"column":0},"end":{"line":64,"column":64}},"64":{"start":{"line":65,"column":0},"end":{"line":65,"column":26}},"65":{"start":{"line":66,"column":0},"end":{"line":66,"column":40}},"66":{"start":{"line":67,"column":0},"end":{"line":67,"column":5}},"67":{"start":{"line":68,"column":0},"end":{"line":68,"column":26}},"68":{"start":{"line":69,"column":0},"end":{"line":69,"column":3}},"69":{"start":{"line":70,"column":0},"end":{"line":70,"column":0}},"70":{"start":{"line":71,"column":0},"end":{"line":71,"column":30}},"71":{"start":{"line":72,"column":0},"end":{"line":72,"column":61}},"72":{"start":{"line":73,"column":0},"end":{"line":73,"column":3}},"73":{"start":{"line":74,"column":0},"end":{"line":74,"column":0}},"74":{"start":{"line":75,"column":0},"end":{"line":75,"column":30}},"75":{"start":{"line":76,"column":0},"end":{"line":76,"column":25}},"76":{"start":{"line":77,"column":0},"end":{"line":77,"column":35}},"77":{"start":{"line":78,"column":0},"end":{"line":78,"column":5}},"78":{"start":{"line":79,"column":0},"end":{"line":79,"column":3}},"79":{"start":{"line":80,"column":0},"end":{"line":80,"column":0}},"80":{"start":{"line":81,"column":0},"end":{"line":81,"column":37}},"81":{"start":{"line":82,"column":0},"end":{"line":82,"column":37}},"82":{"start":{"line":83,"column":0},"end":{"line":83,"column":49}},"83":{"start":{"line":84,"column":0},"end":{"line":84,"column":58}},"84":{"start":{"line":85,"column":0},"end":{"line":85,"column":34}},"85":{"start":{"line":86,"column":0},"end":{"line":86,"column":9}},"86":{"start":{"line":87,"column":0},"end":{"line":87,"column":5}},"87":{"start":{"line":88,"column":0},"end":{"line":88,"column":25}},"88":{"start":{"line":89,"column":0},"end":{"line":89,"column":3}},"89":{"start":{"line":90,"column":0},"end":{"line":90,"column":0}},"90":{"start":{"line":91,"column":0},"end":{"line":91,"column":26}},"91":{"start":{"line":92,"column":0},"end":{"line":92,"column":40}},"92":{"start":{"line":93,"column":0},"end":{"line":93,"column":3}},"93":{"start":{"line":94,"column":0},"end":{"line":94,"column":1}},"94":{"start":{"line":95,"column":0},"end":{"line":95,"column":0}},"95":{"start":{"line":96,"column":0},"end":{"line":96,"column":23}},"96":{"start":{"line":97,"column":0},"end":{"line":97,"column":37}},"97":{"start":{"line":98,"column":0},"end":{"line":98,"column":35}},"98":{"start":{"line":99,"column":0},"end":{"line":99,"column":72}},"99":{"start":{"line":100,"column":0},"end":{"line":100,"column":69}},"100":{"start":{"line":101,"column":0},"end":{"line":101,"column":38}},"101":{"start":{"line":102,"column":0},"end":{"line":102,"column":52}},"102":{"start":{"line":103,"column":0},"end":{"line":103,"column":38}},"103":{"start":{"line":104,"column":0},"end":{"line":104,"column":57}},"104":{"start":{"line":105,"column":0},"end":{"line":105,"column":50}},"105":{"start":{"line":106,"column":0},"end":{"line":106,"column":46}},"106":{"start":{"line":107,"column":0},"end":{"line":107,"column":34}},"107":{"start":{"line":108,"column":0},"end":{"line":108,"column":1}},"108":{"start":{"line":109,"column":0},"end":{"line":109,"column":0}},"109":{"start":{"line":110,"column":0},"end":{"line":110,"column":3}},"110":{"start":{"line":111,"column":0},"end":{"line":111,"column":90}},"111":{"start":{"line":112,"column":0},"end":{"line":112,"column":91}},"112":{"start":{"line":113,"column":0},"end":{"line":113,"column":18}},"113":{"start":{"line":114,"column":0},"end":{"line":114,"column":2}},"114":{"start":{"line":115,"column":0},"end":{"line":115,"column":59}},"115":{"start":{"line":116,"column":0},"end":{"line":116,"column":89}},"116":{"start":{"line":117,"column":0},"end":{"line":117,"column":89}},"117":{"start":{"line":118,"column":0},"end":{"line":118,"column":89}},"118":{"start":{"line":119,"column":0},"end":{"line":119,"column":40}},"119":{"start":{"line":120,"column":0},"end":{"line":120,"column":2}},"120":{"start":{"line":121,"column":0},"end":{"line":121,"column":54}},"121":{"start":{"line":122,"column":0},"end":{"line":122,"column":17}},"122":{"start":{"line":123,"column":0},"end":{"line":123,"column":28}},"123":{"start":{"line":124,"column":0},"end":{"line":124,"column":17}},"124":{"start":{"line":125,"column":0},"end":{"line":125,"column":17}},"125":{"start":{"line":126,"column":0},"end":{"line":126,"column":20}},"126":{"start":{"line":127,"column":0},"end":{"line":127,"column":20}},"127":{"start":{"line":128,"column":0},"end":{"line":128,"column":32}},"128":{"start":{"line":129,"column":0},"end":{"line":129,"column":34}},"129":{"start":{"line":130,"column":0},"end":{"line":130,"column":20}},"130":{"start":{"line":131,"column":0},"end":{"line":131,"column":24}},"131":{"start":{"line":132,"column":0},"end":{"line":132,"column":3}},"132":{"start":{"line":133,"column":0},"end":{"line":133,"column":67}},"133":{"start":{"line":134,"column":0},"end":{"line":134,"column":56}},"134":{"start":{"line":135,"column":0},"end":{"line":135,"column":0}},"135":{"start":{"line":136,"column":0},"end":{"line":136,"column":5}},"136":{"start":{"line":137,"column":0},"end":{"line":137,"column":49}},"137":{"start":{"line":138,"column":0},"end":{"line":138,"column":86}},"138":{"start":{"line":139,"column":0},"end":{"line":139,"column":24}},"139":{"start":{"line":140,"column":0},"end":{"line":140,"column":45}},"140":{"start":{"line":141,"column":0},"end":{"line":141,"column":59}},"141":{"start":{"line":142,"column":0},"end":{"line":142,"column":91}},"142":{"start":{"line":143,"column":0},"end":{"line":143,"column":58}},"143":{"start":{"line":144,"column":0},"end":{"line":144,"column":91}},"144":{"start":{"line":145,"column":0},"end":{"line":145,"column":64}},"145":{"start":{"line":146,"column":0},"end":{"line":146,"column":5}},"146":{"start":{"line":147,"column":0},"end":{"line":147,"column":77}},"147":{"start":{"line":148,"column":0},"end":{"line":148,"column":47}},"148":{"start":{"line":149,"column":0},"end":{"line":149,"column":44}},"149":{"start":{"line":150,"column":0},"end":{"line":150,"column":12}},"150":{"start":{"line":151,"column":0},"end":{"line":151,"column":45}},"151":{"start":{"line":152,"column":0},"end":{"line":152,"column":65}},"152":{"start":{"line":153,"column":0},"end":{"line":153,"column":44}},"153":{"start":{"line":154,"column":0},"end":{"line":154,"column":9}},"154":{"start":{"line":155,"column":0},"end":{"line":155,"column":5}},"155":{"start":{"line":156,"column":0},"end":{"line":156,"column":3}},"156":{"start":{"line":157,"column":0},"end":{"line":157,"column":0}},"157":{"start":{"line":158,"column":0},"end":{"line":158,"column":5}},"158":{"start":{"line":159,"column":0},"end":{"line":159,"column":39}},"159":{"start":{"line":160,"column":0},"end":{"line":160,"column":57}},"160":{"start":{"line":161,"column":0},"end":{"line":161,"column":37}},"161":{"start":{"line":162,"column":0},"end":{"line":162,"column":76}},"162":{"start":{"line":163,"column":0},"end":{"line":163,"column":5}},"163":{"start":{"line":164,"column":0},"end":{"line":164,"column":45}},"164":{"start":{"line":165,"column":0},"end":{"line":165,"column":38}},"165":{"start":{"line":166,"column":0},"end":{"line":166,"column":3}},"166":{"start":{"line":167,"column":0},"end":{"line":167,"column":0}},"167":{"start":{"line":168,"column":0},"end":{"line":168,"column":5}},"168":{"start":{"line":169,"column":0},"end":{"line":169,"column":83}},"169":{"start":{"line":170,"column":0},"end":{"line":170,"column":71}},"170":{"start":{"line":171,"column":0},"end":{"line":171,"column":45}},"171":{"start":{"line":172,"column":0},"end":{"line":172,"column":77}},"172":{"start":{"line":173,"column":0},"end":{"line":173,"column":37}},"173":{"start":{"line":174,"column":0},"end":{"line":174,"column":5}},"174":{"start":{"line":175,"column":0},"end":{"line":175,"column":38}},"175":{"start":{"line":176,"column":0},"end":{"line":176,"column":17}},"176":{"start":{"line":177,"column":0},"end":{"line":177,"column":28}},"177":{"start":{"line":178,"column":0},"end":{"line":178,"column":8}},"178":{"start":{"line":179,"column":0},"end":{"line":179,"column":66}},"179":{"start":{"line":180,"column":0},"end":{"line":180,"column":3}},"180":{"start":{"line":181,"column":0},"end":{"line":181,"column":0}},"181":{"start":{"line":182,"column":0},"end":{"line":182,"column":5}},"182":{"start":{"line":183,"column":0},"end":{"line":183,"column":46}},"183":{"start":{"line":184,"column":0},"end":{"line":184,"column":54}},"184":{"start":{"line":185,"column":0},"end":{"line":185,"column":60}},"185":{"start":{"line":186,"column":0},"end":{"line":186,"column":5}},"186":{"start":{"line":187,"column":0},"end":{"line":187,"column":48}},"187":{"start":{"line":188,"column":0},"end":{"line":188,"column":38}},"188":{"start":{"line":189,"column":0},"end":{"line":189,"column":3}},"189":{"start":{"line":190,"column":0},"end":{"line":190,"column":0}},"190":{"start":{"line":191,"column":0},"end":{"line":191,"column":5}},"191":{"start":{"line":192,"column":0},"end":{"line":192,"column":35}},"192":{"start":{"line":193,"column":0},"end":{"line":193,"column":55}},"193":{"start":{"line":194,"column":0},"end":{"line":194,"column":51}},"194":{"start":{"line":195,"column":0},"end":{"line":195,"column":45}},"195":{"start":{"line":196,"column":0},"end":{"line":196,"column":76}},"196":{"start":{"line":197,"column":0},"end":{"line":197,"column":5}},"197":{"start":{"line":198,"column":0},"end":{"line":198,"column":62}},"198":{"start":{"line":199,"column":0},"end":{"line":199,"column":38}},"199":{"start":{"line":200,"column":0},"end":{"line":200,"column":44}},"200":{"start":{"line":201,"column":0},"end":{"line":201,"column":59}},"201":{"start":{"line":202,"column":0},"end":{"line":202,"column":37}},"202":{"start":{"line":203,"column":0},"end":{"line":203,"column":9}},"203":{"start":{"line":204,"column":0},"end":{"line":204,"column":5}},"204":{"start":{"line":205,"column":0},"end":{"line":205,"column":42}},"205":{"start":{"line":206,"column":0},"end":{"line":206,"column":21}},"206":{"start":{"line":207,"column":0},"end":{"line":207,"column":3}},"207":{"start":{"line":208,"column":0},"end":{"line":208,"column":0}},"208":{"start":{"line":209,"column":0},"end":{"line":209,"column":5}},"209":{"start":{"line":210,"column":0},"end":{"line":210,"column":37}},"210":{"start":{"line":211,"column":0},"end":{"line":211,"column":55}},"211":{"start":{"line":212,"column":0},"end":{"line":212,"column":5}},"212":{"start":{"line":213,"column":0},"end":{"line":213,"column":48}},"213":{"start":{"line":214,"column":0},"end":{"line":214,"column":34}},"214":{"start":{"line":215,"column":0},"end":{"line":215,"column":3}},"215":{"start":{"line":216,"column":0},"end":{"line":216,"column":0}},"216":{"start":{"line":217,"column":0},"end":{"line":217,"column":5}},"217":{"start":{"line":218,"column":0},"end":{"line":218,"column":67}},"218":{"start":{"line":219,"column":0},"end":{"line":219,"column":68}},"219":{"start":{"line":220,"column":0},"end":{"line":220,"column":69}},"220":{"start":{"line":221,"column":0},"end":{"line":221,"column":5}},"221":{"start":{"line":222,"column":0},"end":{"line":222,"column":59}},"222":{"start":{"line":223,"column":0},"end":{"line":223,"column":28}},"223":{"start":{"line":224,"column":0},"end":{"line":224,"column":31}},"224":{"start":{"line":225,"column":0},"end":{"line":225,"column":14}},"225":{"start":{"line":226,"column":0},"end":{"line":226,"column":3}},"226":{"start":{"line":227,"column":0},"end":{"line":227,"column":0}},"227":{"start":{"line":228,"column":0},"end":{"line":228,"column":5}},"228":{"start":{"line":229,"column":0},"end":{"line":229,"column":66}},"229":{"start":{"line":230,"column":0},"end":{"line":230,"column":62}},"230":{"start":{"line":231,"column":0},"end":{"line":231,"column":5}},"231":{"start":{"line":232,"column":0},"end":{"line":232,"column":54}},"232":{"start":{"line":233,"column":0},"end":{"line":233,"column":24}},"233":{"start":{"line":234,"column":0},"end":{"line":234,"column":3}},"234":{"start":{"line":235,"column":0},"end":{"line":235,"column":0}},"235":{"start":{"line":236,"column":0},"end":{"line":236,"column":5}},"236":{"start":{"line":237,"column":0},"end":{"line":237,"column":44}},"237":{"start":{"line":238,"column":0},"end":{"line":238,"column":5}},"238":{"start":{"line":239,"column":0},"end":{"line":239,"column":56}},"239":{"start":{"line":240,"column":0},"end":{"line":240,"column":41}},"240":{"start":{"line":241,"column":0},"end":{"line":241,"column":3}},"241":{"start":{"line":242,"column":0},"end":{"line":242,"column":0}},"242":{"start":{"line":243,"column":0},"end":{"line":243,"column":5}},"243":{"start":{"line":244,"column":0},"end":{"line":244,"column":57}},"244":{"start":{"line":245,"column":0},"end":{"line":245,"column":41}},"245":{"start":{"line":246,"column":0},"end":{"line":246,"column":5}},"246":{"start":{"line":247,"column":0},"end":{"line":247,"column":44}},"247":{"start":{"line":248,"column":0},"end":{"line":248,"column":41}},"248":{"start":{"line":249,"column":0},"end":{"line":249,"column":3}},"249":{"start":{"line":250,"column":0},"end":{"line":250,"column":0}},"250":{"start":{"line":251,"column":0},"end":{"line":251,"column":10}},"251":{"start":{"line":252,"column":0},"end":{"line":252,"column":17}},"252":{"start":{"line":253,"column":0},"end":{"line":253,"column":28}},"253":{"start":{"line":254,"column":0},"end":{"line":254,"column":17}},"254":{"start":{"line":255,"column":0},"end":{"line":255,"column":17}},"255":{"start":{"line":256,"column":0},"end":{"line":256,"column":20}},"256":{"start":{"line":257,"column":0},"end":{"line":257,"column":20}},"257":{"start":{"line":258,"column":0},"end":{"line":258,"column":32}},"258":{"start":{"line":259,"column":0},"end":{"line":259,"column":34}},"259":{"start":{"line":260,"column":0},"end":{"line":260,"column":20}},"260":{"start":{"line":261,"column":0},"end":{"line":261,"column":24}},"261":{"start":{"line":262,"column":0},"end":{"line":262,"column":4}},"262":{"start":{"line":263,"column":0},"end":{"line":263,"column":2}}},"s":{"0":1,"1":1,"2":1,"3":1,"4":1,"5":1,"6":1,"7":1,"8":1,"9":1,"10":1,"11":1,"12":1,"13":1,"14":1,"15":1,"16":1,"17":1,"18":1,"19":1,"20":1,"21":1,"22":1,"23":1,"24":1,"25":1,"26":1,"27":1,"28":1,"29":1,"30":0,"31":0,"32":0,"33":0,"34":13,"35":1,"36":1,"37":13,"38":13,"39":13,"40":13,"41":13,"42":13,"43":13,"44":0,"45":1,"46":1,"47":1,"48":1,"49":1,"50":13,"51":13,"52":1,"53":1,"54":7,"55":3,"56":3,"57":3,"58":3,"59":3,"60":4,"61":4,"62":1,"63":1,"64":1,"65":0,"66":0,"67":1,"68":1,"69":1,"70":1,"71":28,"72":28,"73":1,"74":1,"75":3,"76":2,"77":2,"78":3,"79":1,"80":1,"81":15,"82":1,"83":1,"84":1,"85":1,"86":1,"87":14,"88":14,"89":1,"90":1,"91":1,"92":1,"93":1,"94":1,"95":1,"96":1,"97":1,"98":1,"99":1,"100":1,"101":1,"102":1,"103":1,"104":1,"105":1,"106":1,"107":1,"108":1,"109":1,"110":1,"111":1,"112":1,"113":1,"114":1,"115":1,"116":1,"117":1,"118":1,"119":1,"120":1,"121":1,"122":1,"123":1,"124":1,"125":1,"126":1,"127":1,"128":1,"129":1,"130":1,"131":1,"132":1,"133":13,"134":13,"135":13,"136":13,"137":13,"138":13,"139":13,"140":13,"141":13,"142":13,"143":13,"144":13,"145":13,"146":13,"147":13,"148":12,"149":13,"150":1,"151":1,"152":1,"153":1,"154":1,"155":13,"156":13,"157":13,"158":13,"159":13,"160":13,"161":13,"162":13,"163":13,"164":6,"165":6,"166":13,"167":13,"168":13,"169":13,"170":13,"171":13,"172":13,"173":13,"174":13,"175":1,"176":1,"177":1,"178":1,"179":1,"180":13,"181":13,"182":13,"183":13,"184":13,"185":13,"186":13,"187":3,"188":3,"189":13,"190":13,"191":13,"192":13,"193":13,"194":13,"195":13,"196":13,"197":13,"198":1,"199":0,"200":0,"201":0,"202":0,"203":0,"204":1,"205":1,"206":1,"207":13,"208":13,"209":13,"210":13,"211":13,"212":13,"213":3,"214":3,"215":13,"216":13,"217":13,"218":13,"219":13,"220":13,"221":13,"222":2,"223":2,"224":2,"225":2,"226":13,"227":13,"228":13,"229":13,"230":13,"231":13,"232":2,"233":2,"234":13,"235":13,"236":13,"237":13,"238":13,"239":15,"240":15,"241":13,"242":13,"243":13,"244":13,"245":13,"246":13,"247":1,"248":1,"249":13,"250":13,"251":13,"252":13,"253":13,"254":13,"255":13,"256":13,"257":13,"258":13,"259":13,"260":13,"261":13,"262":13},"branchMap":{"0":{"type":"branch","line":31,"loc":{"start":{"line":31,"column":0},"end":{"line":45,"column":1}},"locations":[{"start":{"line":31,"column":0},"end":{"line":45,"column":1}}]},"1":{"type":"branch","line":34,"loc":{"start":{"line":34,"column":2},"end":{"line":44,"column":3}},"locations":[{"start":{"line":34,"column":2},"end":{"line":44,"column":3}}]},"2":{"type":"branch","line":35,"loc":{"start":{"line":35,"column":69},"end":{"line":37,"column":5}},"locations":[{"start":{"line":35,"column":69},"end":{"line":37,"column":5}}]},"3":{"type":"branch","line":47,"loc":{"start":{"line":47,"column":0},"end":{"line":94,"column":1}},"locations":[{"start":{"line":47,"column":0},"end":{"line":94,"column":1}}]},"4":{"type":"branch","line":47,"loc":{"start":{"line":47,"column":0},"end":{"line":94,"column":1}},"locations":[{"start":{"line":47,"column":0},"end":{"line":94,"column":1}}]},"5":{"type":"branch","line":50,"loc":{"start":{"line":50,"column":2},"end":{"line":52,"column":3}},"locations":[{"start":{"line":50,"column":2},"end":{"line":52,"column":3}}]},"6":{"type":"branch","line":54,"loc":{"start":{"line":54,"column":2},"end":{"line":62,"column":3}},"locations":[{"start":{"line":54,"column":2},"end":{"line":62,"column":3}}]},"7":{"type":"branch","line":55,"loc":{"start":{"line":55,"column":25},"end":{"line":60,"column":5}},"locations":[{"start":{"line":55,"column":25},"end":{"line":60,"column":5}}]},"8":{"type":"branch","line":61,"loc":{"start":{"line":61,"column":-1},"end":{"line":62,"column":3}},"locations":[{"start":{"line":61,"column":-1},"end":{"line":62,"column":3}}]},"9":{"type":"branch","line":64,"loc":{"start":{"line":64,"column":2},"end":{"line":69,"column":3}},"locations":[{"start":{"line":64,"column":2},"end":{"line":69,"column":3}}]},"10":{"type":"branch","line":65,"loc":{"start":{"line":65,"column":25},"end":{"line":67,"column":5}},"locations":[{"start":{"line":65,"column":25},"end":{"line":67,"column":5}}]},"11":{"type":"branch","line":71,"loc":{"start":{"line":71,"column":2},"end":{"line":73,"column":3}},"locations":[{"start":{"line":71,"column":2},"end":{"line":73,"column":3}}]},"12":{"type":"branch","line":75,"loc":{"start":{"line":75,"column":2},"end":{"line":79,"column":3}},"locations":[{"start":{"line":75,"column":2},"end":{"line":79,"column":3}}]},"13":{"type":"branch","line":76,"loc":{"start":{"line":76,"column":24},"end":{"line":78,"column":5}},"locations":[{"start":{"line":76,"column":24},"end":{"line":78,"column":5}}]},"14":{"type":"branch","line":81,"loc":{"start":{"line":81,"column":2},"end":{"line":89,"column":3}},"locations":[{"start":{"line":81,"column":2},"end":{"line":89,"column":3}}]},"15":{"type":"branch","line":82,"loc":{"start":{"line":82,"column":36},"end":{"line":87,"column":5}},"locations":[{"start":{"line":82,"column":36},"end":{"line":87,"column":5}}]},"16":{"type":"branch","line":88,"loc":{"start":{"line":88,"column":-1},"end":{"line":89,"column":3}},"locations":[{"start":{"line":88,"column":-1},"end":{"line":89,"column":3}}]},"17":{"type":"branch","line":91,"loc":{"start":{"line":91,"column":2},"end":{"line":93,"column":3}},"locations":[{"start":{"line":91,"column":2},"end":{"line":93,"column":3}}]},"18":{"type":"branch","line":133,"loc":{"start":{"line":133,"column":28},"end":{"line":263,"column":2}},"locations":[{"start":{"line":133,"column":28},"end":{"line":263,"column":2}}]},"19":{"type":"branch","line":147,"loc":{"start":{"line":147,"column":2},"end":{"line":156,"column":3}},"locations":[{"start":{"line":147,"column":2},"end":{"line":156,"column":3}}]},"20":{"type":"branch","line":148,"loc":{"start":{"line":148,"column":35},"end":{"line":148,"column":44}},"locations":[{"start":{"line":148,"column":35},"end":{"line":148,"column":44}}]},"21":{"type":"branch","line":148,"loc":{"start":{"line":148,"column":46},"end":{"line":150,"column":5}},"locations":[{"start":{"line":148,"column":46},"end":{"line":150,"column":5}}]},"22":{"type":"branch","line":150,"loc":{"start":{"line":150,"column":5},"end":{"line":155,"column":5}},"locations":[{"start":{"line":150,"column":5},"end":{"line":155,"column":5}}]},"23":{"type":"branch","line":164,"loc":{"start":{"line":164,"column":2},"end":{"line":166,"column":3}},"locations":[{"start":{"line":164,"column":2},"end":{"line":166,"column":3}}]},"24":{"type":"branch","line":175,"loc":{"start":{"line":175,"column":2},"end":{"line":180,"column":3}},"locations":[{"start":{"line":175,"column":2},"end":{"line":180,"column":3}}]},"25":{"type":"branch","line":187,"loc":{"start":{"line":187,"column":2},"end":{"line":189,"column":3}},"locations":[{"start":{"line":187,"column":2},"end":{"line":189,"column":3}}]},"26":{"type":"branch","line":198,"loc":{"start":{"line":198,"column":2},"end":{"line":207,"column":3}},"locations":[{"start":{"line":198,"column":2},"end":{"line":207,"column":3}}]},"27":{"type":"branch","line":199,"loc":{"start":{"line":199,"column":37},"end":{"line":204,"column":5}},"locations":[{"start":{"line":199,"column":37},"end":{"line":204,"column":5}}]},"28":{"type":"branch","line":213,"loc":{"start":{"line":213,"column":2},"end":{"line":215,"column":3}},"locations":[{"start":{"line":213,"column":2},"end":{"line":215,"column":3}}]},"29":{"type":"branch","line":222,"loc":{"start":{"line":222,"column":2},"end":{"line":226,"column":3}},"locations":[{"start":{"line":222,"column":2},"end":{"line":226,"column":3}}]},"30":{"type":"branch","line":232,"loc":{"start":{"line":232,"column":2},"end":{"line":234,"column":3}},"locations":[{"start":{"line":232,"column":2},"end":{"line":234,"column":3}}]},"31":{"type":"branch","line":239,"loc":{"start":{"line":239,"column":2},"end":{"line":241,"column":3}},"locations":[{"start":{"line":239,"column":2},"end":{"line":241,"column":3}}]},"32":{"type":"branch","line":247,"loc":{"start":{"line":247,"column":2},"end":{"line":249,"column":3}},"locations":[{"start":{"line":247,"column":2},"end":{"line":249,"column":3}}]}},"b":{"0":[1],"1":[13],"2":[1],"3":[1],"4":[1],"5":[13],"6":[7],"7":[3],"8":[4],"9":[1],"10":[0],"11":[28],"12":[3],"13":[2],"14":[15],"15":[1],"16":[14],"17":[1],"18":[13],"19":[13],"20":[1],"21":[12],"22":[1],"23":[6],"24":[1],"25":[3],"26":[1],"27":[0],"28":[3],"29":[2],"30":[2],"31":[15],"32":[1]},"fnMap":{"0":{"name":"SingletonHold","decl":{"start":{"line":31,"column":0},"end":{"line":45,"column":1}},"loc":{"start":{"line":31,"column":0},"end":{"line":45,"column":1}},"line":31},"1":{"name":"Object.<anonymous>.SingletonHold.getOrAdd","decl":{"start":{"line":34,"column":2},"end":{"line":44,"column":3}},"loc":{"start":{"line":34,"column":2},"end":{"line":44,"column":3}},"line":34},"2":{"name":"SingletonManager","decl":{"start":{"line":47,"column":0},"end":{"line":94,"column":1}},"loc":{"start":{"line":47,"column":0},"end":{"line":94,"column":1}},"line":47},"3":{"name":"Object.<anonymous>.SingletonManager.set","decl":{"start":{"line":50,"column":2},"end":{"line":52,"column":3}},"loc":{"start":{"line":50,"column":2},"end":{"line":52,"column":3}},"line":50},"4":{"name":"Object.<anonymous>.SingletonManager.get","decl":{"start":{"line":54,"column":2},"end":{"line":62,"column":3}},"loc":{"start":{"line":54,"column":2},"end":{"line":62,"column":3}},"line":54},"5":{"name":"Object.<anonymous>.SingletonManager.setIfNotExists","decl":{"start":{"line":64,"column":2},"end":{"line":69,"column":3}},"loc":{"start":{"line":64,"column":2},"end":{"line":69,"column":3}},"line":64},"6":{"name":"Object.<anonymous>.SingletonManager.has","decl":{"start":{"line":71,"column":2},"end":{"line":73,"column":3}},"loc":{"start":{"line":71,"column":2},"end":{"line":73,"column":3}},"line":71},"7":{"name":"Object.<anonymous>.SingletonManager.remove","decl":{"start":{"line":75,"column":2},"end":{"line":79,"column":3}},"loc":{"start":{"line":75,"column":2},"end":{"line":79,"column":3}},"line":75},"8":{"name":"Object.<anonymous>.SingletonManager.clear","decl":{"start":{"line":81,"column":2},"end":{"line":89,"column":3}},"loc":{"start":{"line":81,"column":2},"end":{"line":89,"column":3}},"line":81},"9":{"name":"Object.<anonymous>.SingletonManager.getAllKeys","decl":{"start":{"line":91,"column":2},"end":{"line":93,"column":3}},"loc":{"start":{"line":91,"column":2},"end":{"line":93,"column":3}},"line":91},"10":{"name":"useSingleton","decl":{"start":{"line":133,"column":28},"end":{"line":263,"column":2}},"loc":{"start":{"line":133,"column":28},"end":{"line":263,"column":2}},"line":133},"11":{"name":"setSingleton","decl":{"start":{"line":147,"column":2},"end":{"line":156,"column":3}},"loc":{"start":{"line":147,"column":2},"end":{"line":156,"column":3}},"line":147},"12":{"name":"getSingleton","decl":{"start":{"line":164,"column":2},"end":{"line":166,"column":3}},"loc":{"start":{"line":164,"column":2},"end":{"line":166,"column":3}},"line":164},"13":{"name":"setSingletonIfNotExists","decl":{"start":{"line":175,"column":2},"end":{"line":180,"column":3}},"loc":{"start":{"line":175,"column":2},"end":{"line":180,"column":3}},"line":175},"14":{"name":"hasSingleton","decl":{"start":{"line":187,"column":2},"end":{"line":189,"column":3}},"loc":{"start":{"line":187,"column":2},"end":{"line":189,"column":3}},"line":187},"15":{"name":"updateSingleton","decl":{"start":{"line":198,"column":2},"end":{"line":207,"column":3}},"loc":{"start":{"line":198,"column":2},"end":{"line":207,"column":3}},"line":198},"16":{"name":"removeSingleton","decl":{"start":{"line":213,"column":2},"end":{"line":215,"column":3}},"loc":{"start":{"line":213,"column":2},"end":{"line":215,"column":3}},"line":213},"17":{"name":"registerInstanceAsSingleton","decl":{"start":{"line":222,"column":2},"end":{"line":226,"column":3}},"loc":{"start":{"line":222,"column":2},"end":{"line":226,"column":3}},"line":222},"18":{"name":"unregisterInstanceAsSingleton","decl":{"start":{"line":232,"column":2},"end":{"line":234,"column":3}},"loc":{"start":{"line":232,"column":2},"end":{"line":234,"column":3}},"line":232},"19":{"name":"clearSingletons","decl":{"start":{"line":239,"column":2},"end":{"line":241,"column":3}},"loc":{"start":{"line":239,"column":2},"end":{"line":241,"column":3}},"line":239},"20":{"name":"getAllSingletonKeys","decl":{"start":{"line":247,"column":2},"end":{"line":249,"column":3}},"loc":{"start":{"line":247,"column":2},"end":{"line":249,"column":3}},"line":247}},"f":{"0":0,"1":13,"2":1,"3":13,"4":7,"5":1,"6":28,"7":3,"8":15,"9":1,"10":13,"11":13,"12":6,"13":1,"14":3,"15":1,"16":3,"17":2,"18":2,"19":15,"20":1}}
}
