TN:
SF:src/index.ts
FN:1,(empty-report)
FNF:1
FNH:0
FNDA:0,(empty-report)
DA:1,0
DA:2,0
DA:3,0
LF:3
LH:0
BRDA:1,0,0,0
BRF:1
BRH:0
end_of_record
TN:
SF:src/SingletonManager/SingletonManager.ts
FN:31,SingletonHold
FN:34,Object.<anonymous>.SingletonHold.getOrAdd
FN:47,SingletonManager
FN:50,Object.<anonymous>.SingletonManager.set
FN:54,Object.<anonymous>.SingletonManager.get
FN:64,Object.<anonymous>.SingletonManager.setIfNotExists
FN:71,Object.<anonymous>.SingletonManager.has
FN:75,Object.<anonymous>.SingletonManager.remove
FN:81,Object.<anonymous>.SingletonManager.clear
FN:91,Object.<anonymous>.SingletonManager.getAllKeys
FN:133,useSingleton
FN:147,setSingleton
FN:164,getSingleton
FN:175,setSingletonIfNotExists
FN:187,hasSingleton
FN:198,updateSingleton
FN:213,removeSingleton
FN:222,registerInstanceAsSingleton
FN:232,unregisterInstanceAsSingleton
FN:239,clearSingletons
FN:247,getAllSingletonKeys
FNF:21
FNH:20
FNDA:0,SingletonHold
FNDA:13,Object.<anonymous>.SingletonHold.getOrAdd
FNDA:1,SingletonManager
FNDA:13,Object.<anonymous>.SingletonManager.set
FNDA:7,Object.<anonymous>.SingletonManager.get
FNDA:1,Object.<anonymous>.SingletonManager.setIfNotExists
FNDA:28,Object.<anonymous>.SingletonManager.has
FNDA:3,Object.<anonymous>.SingletonManager.remove
FNDA:15,Object.<anonymous>.SingletonManager.clear
FNDA:1,Object.<anonymous>.SingletonManager.getAllKeys
FNDA:13,useSingleton
FNDA:13,setSingleton
FNDA:6,getSingleton
FNDA:1,setSingletonIfNotExists
FNDA:3,hasSingleton
FNDA:1,updateSingleton
FNDA:3,removeSingleton
FNDA:2,registerInstanceAsSingleton
FNDA:2,unregisterInstanceAsSingleton
FNDA:15,clearSingletons
FNDA:1,getAllSingletonKeys
DA:1,1
DA:2,1
DA:3,1
DA:4,1
DA:5,1
DA:6,1
DA:7,1
DA:8,1
DA:9,1
DA:10,1
DA:11,1
DA:12,1
DA:13,1
DA:14,1
DA:15,1
DA:16,1
DA:17,1
DA:18,1
DA:19,1
DA:20,1
DA:21,1
DA:22,1
DA:23,1
DA:24,1
DA:25,1
DA:26,1
DA:27,1
DA:28,1
DA:29,1
DA:30,1
DA:31,0
DA:32,0
DA:33,0
DA:34,0
DA:35,13
DA:36,1
DA:37,1
DA:38,13
DA:39,13
DA:40,13
DA:41,13
DA:42,13
DA:43,13
DA:44,13
DA:45,0
DA:46,1
DA:47,1
DA:48,1
DA:49,1
DA:50,1
DA:51,13
DA:52,13
DA:53,1
DA:54,1
DA:55,7
DA:56,3
DA:57,3
DA:58,3
DA:59,3
DA:60,3
DA:61,4
DA:62,4
DA:63,1
DA:64,1
DA:65,1
DA:66,0
DA:67,0
DA:68,1
DA:69,1
DA:70,1
DA:71,1
DA:72,28
DA:73,28
DA:74,1
DA:75,1
DA:76,3
DA:77,2
DA:78,2
DA:79,3
DA:80,1
DA:81,1
DA:82,15
DA:83,1
DA:84,1
DA:85,1
DA:86,1
DA:87,1
DA:88,14
DA:89,14
DA:90,1
DA:91,1
DA:92,1
DA:93,1
DA:94,1
DA:95,1
DA:96,1
DA:97,1
DA:98,1
DA:99,1
DA:100,1
DA:101,1
DA:102,1
DA:103,1
DA:104,1
DA:105,1
DA:106,1
DA:107,1
DA:108,1
DA:109,1
DA:110,1
DA:111,1
DA:112,1
DA:113,1
DA:114,1
DA:115,1
DA:116,1
DA:117,1
DA:118,1
DA:119,1
DA:120,1
DA:121,1
DA:122,1
DA:123,1
DA:124,1
DA:125,1
DA:126,1
DA:127,1
DA:128,1
DA:129,1
DA:130,1
DA:131,1
DA:132,1
DA:133,1
DA:134,13
DA:135,13
DA:136,13
DA:137,13
DA:138,13
DA:139,13
DA:140,13
DA:141,13
DA:142,13
DA:143,13
DA:144,13
DA:145,13
DA:146,13
DA:147,13
DA:148,13
DA:149,12
DA:150,13
DA:151,1
DA:152,1
DA:153,1
DA:154,1
DA:155,1
DA:156,13
DA:157,13
DA:158,13
DA:159,13
DA:160,13
DA:161,13
DA:162,13
DA:163,13
DA:164,13
DA:165,6
DA:166,6
DA:167,13
DA:168,13
DA:169,13
DA:170,13
DA:171,13
DA:172,13
DA:173,13
DA:174,13
DA:175,13
DA:176,1
DA:177,1
DA:178,1
DA:179,1
DA:180,1
DA:181,13
DA:182,13
DA:183,13
DA:184,13
DA:185,13
DA:186,13
DA:187,13
DA:188,3
DA:189,3
DA:190,13
DA:191,13
DA:192,13
DA:193,13
DA:194,13
DA:195,13
DA:196,13
DA:197,13
DA:198,13
DA:199,1
DA:200,0
DA:201,0
DA:202,0
DA:203,0
DA:204,0
DA:205,1
DA:206,1
DA:207,1
DA:208,13
DA:209,13
DA:210,13
DA:211,13
DA:212,13
DA:213,13
DA:214,3
DA:215,3
DA:216,13
DA:217,13
DA:218,13
DA:219,13
DA:220,13
DA:221,13
DA:222,13
DA:223,2
DA:224,2
DA:225,2
DA:226,2
DA:227,13
DA:228,13
DA:229,13
DA:230,13
DA:231,13
DA:232,13
DA:233,2
DA:234,2
DA:235,13
DA:236,13
DA:237,13
DA:238,13
DA:239,13
DA:240,15
DA:241,15
DA:242,13
DA:243,13
DA:244,13
DA:245,13
DA:246,13
DA:247,13
DA:248,1
DA:249,1
DA:250,13
DA:251,13
DA:252,13
DA:253,13
DA:254,13
DA:255,13
DA:256,13
DA:257,13
DA:258,13
DA:259,13
DA:260,13
DA:261,13
DA:262,13
DA:263,13
LF:263
LH:251
BRDA:31,0,0,1
BRDA:34,1,0,13
BRDA:35,2,0,1
BRDA:47,3,0,1
BRDA:47,4,0,1
BRDA:50,5,0,13
BRDA:54,6,0,7
BRDA:55,7,0,3
BRDA:61,8,0,4
BRDA:64,9,0,1
BRDA:65,10,0,0
BRDA:71,11,0,28
BRDA:75,12,0,3
BRDA:76,13,0,2
BRDA:81,14,0,15
BRDA:82,15,0,1
BRDA:88,16,0,14
BRDA:91,17,0,1
BRDA:133,18,0,13
BRDA:147,19,0,13
BRDA:148,20,0,1
BRDA:148,21,0,12
BRDA:150,22,0,1
BRDA:164,23,0,6
BRDA:175,24,0,1
BRDA:187,25,0,3
BRDA:198,26,0,1
BRDA:199,27,0,0
BRDA:213,28,0,3
BRDA:222,29,0,2
BRDA:232,30,0,2
BRDA:239,31,0,15
BRDA:247,32,0,1
BRF:33
BRH:31
end_of_record
